<?xml version="1.0" encoding="UTF-8"?>
<coverage generated="1745093559140" clover="3.2.0">
  <project timestamp="1745093559140" name="All files">
    <metrics statements="24" coveredstatements="24" conditionals="7" coveredconditionals="5" methods="8" coveredmethods="8" elements="39" coveredelements="37" complexity="0" loc="24" ncloc="24" packages="1" files="5" classes="5"/>
    <file name="build.ts" path="/home/runner/work/regex-simplifier/regex-simplifier/src/build.ts">
      <metrics statements="6" coveredstatements="6" conditionals="1" coveredconditionals="1" methods="1" coveredmethods="1"/>
      <line num="1" count="1" type="stmt"/>
      <line num="3" count="1" type="stmt"/>
      <line num="4" count="4" type="stmt"/>
      <line num="5" count="4" type="cond" truecount="1" falsecount="0"/>
      <line num="6" count="1" type="stmt"/>
      <line num="8" count="3" type="stmt"/>
    </file>
    <file name="explain.ts" path="/home/runner/work/regex-simplifier/regex-simplifier/src/explain.ts">
      <metrics statements="8" coveredstatements="8" conditionals="4" coveredconditionals="2" methods="3" coveredmethods="3"/>
      <line num="1" count="1" type="stmt"/>
      <line num="2" count="2" type="cond" truecount="1" falsecount="1"/>
      <line num="3" count="2" type="stmt"/>
      <line num="5" count="2" type="stmt"/>
      <line num="18" count="2" type="stmt"/>
      <line num="19" count="20" type="stmt"/>
      <line num="20" count="9" type="stmt"/>
      <line num="22" count="2" type="cond" truecount="1" falsecount="1"/>
    </file>
    <file name="index.ts" path="/home/runner/work/regex-simplifier/regex-simplifier/src/index.ts">
      <metrics statements="5" coveredstatements="5" conditionals="0" coveredconditionals="0" methods="3" coveredmethods="3"/>
      <line num="1" count="1" type="stmt"/>
      <line num="2" count="1" type="stmt"/>
      <line num="3" count="1" type="stmt"/>
      <line num="5" count="4" type="stmt"/>
      <line num="7" count="1" type="stmt"/>
    </file>
    <file name="patterns.ts" path="/home/runner/work/regex-simplifier/regex-simplifier/src/patterns.ts">
      <metrics statements="1" coveredstatements="1" conditionals="0" coveredconditionals="0" methods="0" coveredmethods="0"/>
      <line num="1" count="1" type="stmt"/>
    </file>
    <file name="test.ts" path="/home/runner/work/regex-simplifier/regex-simplifier/src/test.ts">
      <metrics statements="4" coveredstatements="4" conditionals="2" coveredconditionals="2" methods="1" coveredmethods="1"/>
      <line num="1" count="1" type="stmt"/>
      <line num="3" count="1" type="stmt"/>
      <line num="4" count="3" type="cond" truecount="2" falsecount="0"/>
      <line num="5" count="3" type="stmt"/>
    </file>
  </project>
</coverage>
