{"/home/runner/work/regex-simplifier/regex-simplifier/src/build.ts": {"path":"/home/runner/work/regex-simplifier/regex-simplifier/src/build.ts","statementMap":{"0":{"start":{"line":1,"column":0},"end":{"line":1,"column":58}},"1":{"start":{"line":3,"column":21},"end":{"line":8,"column":1}},"2":{"start":{"line":4,"column":14},"end":{"line":4,"column":32}},"3":{"start":{"line":5,"column":38},"end":{"line":5,"column":74}},"4":{"start":{"line":5,"column":59},"end":{"line":5,"column":73}},"5":{"start":{"line":6,"column":2},"end":{"line":6,"column":63}},"6":{"start":{"line":6,"column":12},"end":{"line":6,"column":63}},"7":{"start":{"line":7,"column":2},"end":{"line":7,"column":19}},"8":{"start":{"line":3,"column":13},"end":{"line":3,"column":21}}},"fnMap":{"0":{"name":"(anonymous_0)","decl":{"start":{"line":3,"column":21},"end":{"line":3,"column":22}},"loc":{"start":{"line":3,"column":46},"end":{"line":8,"column":1}}},"1":{"name":"(anonymous_1)","decl":{"start":{"line":5,"column":52},"end":{"line":5,"column":53}},"loc":{"start":{"line":5,"column":59},"end":{"line":5,"column":73}}}},"branchMap":{"0":{"loc":{"start":{"line":6,"column":2},"end":{"line":6,"column":63}},"type":"if","locations":[{"start":{"line":6,"column":2},"end":{"line":6,"column":63}}]}},"s":{"0":1,"1":1,"2":68,"3":68,"4":509,"5":68,"6":1,"7":67,"8":1},"f":{"0":68,"1":509},"b":{"0":[1]}}
,"/home/runner/work/regex-simplifier/regex-simplifier/src/explain.ts": {"path":"/home/runner/work/regex-simplifier/regex-simplifier/src/explain.ts","statementMap":{"0":{"start":{"line":3,"column":0},"end":{"line":3,"column":16}},"1":{"start":{"line":1,"column":0},"end":{"line":1,"column":54}},"2":{"start":{"line":4,"column":2},"end":{"line":4,"column":31}}},"fnMap":{"0":{"name":"explain","decl":{"start":{"line":3,"column":16},"end":{"line":3,"column":23}},"loc":{"start":{"line":3,"column":48},"end":{"line":5,"column":1}}}},"branchMap":{},"s":{"0":1,"1":1,"2":2},"f":{"0":2},"b":{}}
,"/home/runner/work/regex-simplifier/regex-simplifier/src/index.ts": {"path":"/home/runner/work/regex-simplifier/regex-simplifier/src/index.ts","statementMap":{"0":{"start":{"line":1,"column":0},"end":{"line":1,"column":9}},"1":{"start":{"line":5,"column":9},"end":{"line":1,"column":32}},"2":{"start":{"line":2,"column":0},"end":{"line":2,"column":9}},"3":{"start":{"line":5,"column":16},"end":{"line":2,"column":36}},"4":{"start":{"line":3,"column":0},"end":{"line":3,"column":9}},"5":{"start":{"line":5,"column":25},"end":{"line":3,"column":30}},"6":{"start":{"line":7,"column":0},"end":{"line":11,"column":2}}},"fnMap":{"0":{"name":"(anonymous_0)","decl":{"start":{"line":5,"column":9},"end":{"line":5,"column":14}},"loc":{"start":{"line":5,"column":9},"end":{"line":1,"column":32}}},"1":{"name":"(anonymous_1)","decl":{"start":{"line":5,"column":16},"end":{"line":5,"column":23}},"loc":{"start":{"line":5,"column":16},"end":{"line":2,"column":36}}},"2":{"name":"(anonymous_2)","decl":{"start":{"line":5,"column":25},"end":{"line":5,"column":29}},"loc":{"start":{"line":5,"column":25},"end":{"line":3,"column":30}}}},"branchMap":{},"s":{"0":1,"1":3,"2":1,"3":3,"4":1,"5":68,"6":1},"f":{"0":2,"1":2,"2":67},"b":{}}
,"/home/runner/work/regex-simplifier/regex-simplifier/src/test.ts": {"path":"/home/runner/work/regex-simplifier/regex-simplifier/src/test.ts","statementMap":{"0":{"start":{"line":3,"column":0},"end":{"line":3,"column":16}},"1":{"start":{"line":1,"column":0},"end":{"line":1,"column":32}},"2":{"start":{"line":4,"column":13},"end":{"line":4,"column":67}},"3":{"start":{"line":5,"column":2},"end":{"line":5,"column":24}}},"fnMap":{"0":{"name":"test","decl":{"start":{"line":3,"column":16},"end":{"line":3,"column":20}},"loc":{"start":{"line":3,"column":60},"end":{"line":6,"column":1}}}},"branchMap":{"0":{"loc":{"start":{"line":4,"column":13},"end":{"line":4,"column":67}},"type":"cond-expr","locations":[{"start":{"line":4,"column":43},"end":{"line":4,"column":57}},{"start":{"line":4,"column":60},"end":{"line":4,"column":67}}]}},"s":{"0":1,"1":1,"2":67,"3":67},"f":{"0":67},"b":{"0":[66,1]}}
,"/home/runner/work/regex-simplifier/regex-simplifier/src/helpers/patterns.ts": {"path":"/home/runner/work/regex-simplifier/regex-simplifier/src/helpers/patterns.ts","statementMap":{"0":{"start":{"line":8,"column":18},"end":{"line":24,"column":11}},"1":{"start":{"line":27,"column":19},"end":{"line":27,"column":53}},"2":{"start":{"line":28,"column":25},"end":{"line":28,"column":72}},"3":{"start":{"line":34,"column":13},"end":{"line":129,"column":2}}},"fnMap":{},"branchMap":{},"s":{"0":1,"1":1,"2":1,"3":1},"f":{},"b":{}}
,"/home/runner/work/regex-simplifier/regex-simplifier/src/helpers/quantifierToText.ts": {"path":"/home/runner/work/regex-simplifier/regex-simplifier/src/helpers/quantifierToText.ts","statementMap":{"0":{"start":{"line":1,"column":32},"end":{"line":26,"column":1}},"1":{"start":{"line":7,"column":17},"end":{"line":7,"column":47}},"2":{"start":{"line":8,"column":15},"end":{"line":8,"column":16}},"3":{"start":{"line":10,"column":2},"end":{"line":10,"column":50}},"4":{"start":{"line":10,"column":20},"end":{"line":10,"column":50}},"5":{"start":{"line":11,"column":2},"end":{"line":11,"column":51}},"6":{"start":{"line":11,"column":20},"end":{"line":11,"column":51}},"7":{"start":{"line":12,"column":2},"end":{"line":12,"column":47}},"8":{"start":{"line":12,"column":20},"end":{"line":12,"column":47}},"9":{"start":{"line":14,"column":2},"end":{"line":17,"column":3}},"10":{"start":{"line":15,"column":17},"end":{"line":15,"column":54}},"11":{"start":{"line":16,"column":4},"end":{"line":16,"column":38}},"12":{"start":{"line":18,"column":2},"end":{"line":20,"column":3}},"13":{"start":{"line":19,"column":4},"end":{"line":19,"column":48}},"14":{"start":{"line":21,"column":2},"end":{"line":23,"column":3}},"15":{"start":{"line":22,"column":4},"end":{"line":22,"column":39}},"16":{"start":{"line":25,"column":2},"end":{"line":25,"column":12}},"17":{"start":{"line":1,"column":13},"end":{"line":1,"column":32}}},"fnMap":{"0":{"name":"(anonymous_0)","decl":{"start":{"line":1,"column":32},"end":{"line":1,"column":null}},"loc":{"start":{"line":6,"column":12},"end":{"line":26,"column":1}}}},"branchMap":{"0":{"loc":{"start":{"line":7,"column":17},"end":{"line":7,"column":47}},"type":"cond-expr","locations":[{"start":{"line":7,"column":28},"end":{"line":7,"column":42}},{"start":{"line":7,"column":45},"end":{"line":7,"column":47}}]},"1":{"loc":{"start":{"line":10,"column":2},"end":{"line":10,"column":50}},"type":"if","locations":[{"start":{"line":10,"column":2},"end":{"line":10,"column":50}}]},"2":{"loc":{"start":{"line":11,"column":2},"end":{"line":11,"column":51}},"type":"if","locations":[{"start":{"line":11,"column":2},"end":{"line":11,"column":51}}]},"3":{"loc":{"start":{"line":12,"column":2},"end":{"line":12,"column":47}},"type":"if","locations":[{"start":{"line":12,"column":2},"end":{"line":12,"column":47}}]},"4":{"loc":{"start":{"line":14,"column":2},"end":{"line":17,"column":3}},"type":"if","locations":[{"start":{"line":14,"column":2},"end":{"line":17,"column":3}}]},"5":{"loc":{"start":{"line":14,"column":6},"end":{"line":14,"column":59}},"type":"binary-expr","locations":[{"start":{"line":14,"column":6},"end":{"line":14,"column":22}},{"start":{"line":14,"column":26},"end":{"line":14,"column":37}},{"start":{"line":14,"column":41},"end":{"line":14,"column":59}}]},"6":{"loc":{"start":{"line":15,"column":17},"end":{"line":15,"column":54}},"type":"cond-expr","locations":[{"start":{"line":15,"column":33},"end":{"line":15,"column":39}},{"start":{"line":15,"column":42},"end":{"line":15,"column":54}}]},"7":{"loc":{"start":{"line":18,"column":2},"end":{"line":20,"column":3}},"type":"if","locations":[{"start":{"line":18,"column":2},"end":{"line":20,"column":3}}]},"8":{"loc":{"start":{"line":18,"column":6},"end":{"line":18,"column":64}},"type":"binary-expr","locations":[{"start":{"line":18,"column":6},"end":{"line":18,"column":22}},{"start":{"line":18,"column":26},"end":{"line":18,"column":44}},{"start":{"line":18,"column":48},"end":{"line":18,"column":64}}]},"9":{"loc":{"start":{"line":21,"column":2},"end":{"line":23,"column":3}},"type":"if","locations":[{"start":{"line":21,"column":2},"end":{"line":23,"column":3}}]},"10":{"loc":{"start":{"line":21,"column":6},"end":{"line":21,"column":44}},"type":"binary-expr","locations":[{"start":{"line":21,"column":6},"end":{"line":21,"column":22}},{"start":{"line":21,"column":26},"end":{"line":21,"column":44}}]}},"s":{"0":1,"1":1,"2":1,"3":1,"4":1,"5":0,"6":0,"7":0,"8":0,"9":0,"10":0,"11":0,"12":0,"13":0,"14":0,"15":0,"16":0,"17":1},"f":{"0":1},"b":{"0":[1,0],"1":[1],"2":[0],"3":[0],"4":[0],"5":[0,0,0],"6":[0,0],"7":[0],"8":[0,0,0],"9":[0],"10":[0,0]}}
,"/home/runner/work/regex-simplifier/regex-simplifier/src/helpers/walkRegexAST.ts": {"path":"/home/runner/work/regex-simplifier/regex-simplifier/src/helpers/walkRegexAST.ts","statementMap":{"0":{"start":{"line":7,"column":0},"end":{"line":7,"column":16}},"1":{"start":{"line":1,"column":0},"end":{"line":1,"column":63}},"2":{"start":{"line":2,"column":0},"end":{"line":2,"column":38}},"3":{"start":{"line":9,"column":15},"end":{"line":9,"column":16}},"4":{"start":{"line":10,"column":14},"end":{"line":10,"column":15}},"5":{"start":{"line":11,"column":14},"end":{"line":11,"column":15}},"6":{"start":{"line":12,"column":15},"end":{"line":12,"column":16}},"7":{"start":{"line":13,"column":14},"end":{"line":13,"column":16}},"8":{"start":{"line":17,"column":2},"end":{"line":22,"column":3}},"9":{"start":{"line":18,"column":18},"end":{"line":18,"column":63}},"10":{"start":{"line":19,"column":4},"end":{"line":19,"column":80}},"11":{"start":{"line":21,"column":4},"end":{"line":21,"column":25}},"12":{"start":{"line":24,"column":14},"end":{"line":24,"column":31}},"13":{"start":{"line":27,"column":22},"end":{"line":27,"column":52}},"14":{"start":{"line":28,"column":2},"end":{"line":32,"column":3}},"15":{"start":{"line":29,"column":14},"end":{"line":29,"column":38}},"16":{"start":{"line":30,"column":17},"end":{"line":30,"column":48}},"17":{"start":{"line":31,"column":4},"end":{"line":31,"column":53}},"18":{"start":{"line":35,"column":2},"end":{"line":39,"column":3}},"19":{"start":{"line":36,"column":4},"end":{"line":38,"column":5}},"20":{"start":{"line":37,"column":6},"end":{"line":37,"column":47}},"21":{"start":{"line":42,"column":10},"end":{"line":42,"column":13}},"22":{"start":{"line":45,"column":24},"end":{"line":45,"column":41}},"23":{"start":{"line":46,"column":2},"end":{"line":46,"column":38}},"24":{"start":{"line":46,"column":21},"end":{"line":46,"column":38}},"25":{"start":{"line":47,"column":22},"end":{"line":47,"column":37}},"26":{"start":{"line":48,"column":2},"end":{"line":48,"column":43}},"27":{"start":{"line":48,"column":19},"end":{"line":48,"column":43}},"28":{"start":{"line":51,"column":72},"end":{"line":51,"column":74}},"29":{"start":{"line":52,"column":23},"end":{"line":52,"column":35}},"30":{"start":{"line":53,"column":26},"end":{"line":53,"column":49}},"31":{"start":{"line":55,"column":2},"end":{"line":112,"column":3}},"32":{"start":{"line":57,"column":4},"end":{"line":77,"column":5}},"33":{"start":{"line":58,"column":18},"end":{"line":58,"column":36}},"34":{"start":{"line":59,"column":6},"end":{"line":59,"column":23}},"35":{"start":{"line":62,"column":6},"end":{"line":73,"column":7}},"36":{"start":{"line":63,"column":29},"end":{"line":63,"column":30}},"37":{"start":{"line":64,"column":8},"end":{"line":64,"column":18}},"38":{"start":{"line":65,"column":8},"end":{"line":65,"column":26}},"39":{"start":{"line":67,"column":19},"end":{"line":67,"column":43}},"40":{"start":{"line":68,"column":8},"end":{"line":72,"column":9}},"41":{"start":{"line":69,"column":29},"end":{"line":69,"column":31}},"42":{"start":{"line":70,"column":10},"end":{"line":70,"column":27}},"43":{"start":{"line":71,"column":10},"end":{"line":71,"column":39}},"44":{"start":{"line":75,"column":6},"end":{"line":75,"column":50}},"45":{"start":{"line":76,"column":6},"end":{"line":76,"column":15}},"46":{"start":{"line":80,"column":4},"end":{"line":99,"column":5}},"47":{"start":{"line":81,"column":6},"end":{"line":81,"column":23}},"48":{"start":{"line":84,"column":6},"end":{"line":95,"column":7}},"49":{"start":{"line":85,"column":29},"end":{"line":85,"column":30}},"50":{"start":{"line":86,"column":8},"end":{"line":86,"column":18}},"51":{"start":{"line":87,"column":8},"end":{"line":87,"column":26}},"52":{"start":{"line":89,"column":19},"end":{"line":89,"column":43}},"53":{"start":{"line":90,"column":8},"end":{"line":94,"column":9}},"54":{"start":{"line":91,"column":29},"end":{"line":91,"column":31}},"55":{"start":{"line":92,"column":10},"end":{"line":92,"column":27}},"56":{"start":{"line":93,"column":10},"end":{"line":93,"column":39}},"57":{"start":{"line":97,"column":6},"end":{"line":97,"column":42}},"58":{"start":{"line":98,"column":6},"end":{"line":98,"column":15}},"59":{"start":{"line":102,"column":21},"end":{"line":102,"column":42}},"60":{"start":{"line":103,"column":4},"end":{"line":111,"column":5}},"61":{"start":{"line":104,"column":21},"end":{"line":104,"column":29}},"62":{"start":{"line":105,"column":6},"end":{"line":105,"column":50}},"63":{"start":{"line":106,"column":6},"end":{"line":106,"column":31}},"64":{"start":{"line":108,"column":28},"end":{"line":108,"column":29}},"65":{"start":{"line":109,"column":6},"end":{"line":109,"column":48}},"66":{"start":{"line":110,"column":6},"end":{"line":110,"column":24}},"67":{"start":{"line":115,"column":26},"end":{"line":115,"column":28}},"68":{"start":{"line":116,"column":2},"end":{"line":122,"column":3}},"69":{"start":{"line":117,"column":4},"end":{"line":117,"column":53}},"70":{"start":{"line":118,"column":9},"end":{"line":122,"column":3}},"71":{"start":{"line":119,"column":4},"end":{"line":119,"column":62}},"72":{"start":{"line":120,"column":9},"end":{"line":122,"column":3}},"73":{"start":{"line":121,"column":4},"end":{"line":121,"column":54}},"74":{"start":{"line":124,"column":41},"end":{"line":133,"column":4}},"75":{"start":{"line":135,"column":2},"end":{"line":167,"column":3}},"76":{"start":{"line":136,"column":4},"end":{"line":166,"column":5}},"77":{"start":{"line":137,"column":6},"end":{"line":137,"column":47}},"78":{"start":{"line":138,"column":11},"end":{"line":166,"column":5}},"79":{"start":{"line":139,"column":19},"end":{"line":139,"column":47}},"80":{"start":{"line":140,"column":6},"end":{"line":151,"column":7}},"81":{"start":{"line":141,"column":8},"end":{"line":148,"column":9}},"82":{"start":{"line":142,"column":10},"end":{"line":142,"column":85}},"83":{"start":{"line":144,"column":37},"end":{"line":144,"column":70}},"84":{"start":{"line":145,"column":23},"end":{"line":145,"column":45}},"85":{"start":{"line":146,"column":21},"end":{"line":146,"column":68}},"86":{"start":{"line":147,"column":10},"end":{"line":147,"column":71}},"87":{"start":{"line":150,"column":8},"end":{"line":150,"column":41}},"88":{"start":{"line":152,"column":11},"end":{"line":166,"column":5}},"89":{"start":{"line":153,"column":19},"end":{"line":153,"column":49}},"90":{"start":{"line":154,"column":6},"end":{"line":165,"column":7}},"91":{"start":{"line":155,"column":8},"end":{"line":162,"column":9}},"92":{"start":{"line":156,"column":10},"end":{"line":156,"column":85}},"93":{"start":{"line":158,"column":37},"end":{"line":158,"column":70}},"94":{"start":{"line":159,"column":23},"end":{"line":159,"column":45}},"95":{"start":{"line":160,"column":21},"end":{"line":160,"column":68}},"96":{"start":{"line":161,"column":10},"end":{"line":161,"column":71}},"97":{"start":{"line":164,"column":8},"end":{"line":164,"column":32}},"98":{"start":{"line":169,"column":2},"end":{"line":169,"column":46}}},"fnMap":{"0":{"name":"walkRegexAST","decl":{"start":{"line":7,"column":16},"end":{"line":7,"column":28}},"loc":{"start":{"line":7,"column":53},"end":{"line":170,"column":1}}}},"branchMap":{"0":{"loc":{"start":{"line":17,"column":2},"end":{"line":22,"column":3}},"type":"if","locations":[{"start":{"line":17,"column":2},"end":{"line":22,"column":3}},{"start":{"line":20,"column":9},"end":{"line":22,"column":3}}]},"1":{"loc":{"start":{"line":19,"column":17},"end":{"line":19,"column":79}},"type":"cond-expr","locations":[{"start":{"line":19,"column":25},"end":{"line":19,"column":57}},{"start":{"line":19,"column":60},"end":{"line":19,"column":79}}]},"2":{"loc":{"start":{"line":28,"column":2},"end":{"line":32,"column":3}},"type":"if","locations":[{"start":{"line":28,"column":2},"end":{"line":32,"column":3}}]},"3":{"loc":{"start":{"line":30,"column":17},"end":{"line":30,"column":48}},"type":"cond-expr","locations":[{"start":{"line":30,"column":30},"end":{"line":30,"column":36}},{"start":{"line":30,"column":39},"end":{"line":30,"column":48}}]},"4":{"loc":{"start":{"line":36,"column":4},"end":{"line":38,"column":5}},"type":"if","locations":[{"start":{"line":36,"column":4},"end":{"line":38,"column":5}}]},"5":{"loc":{"start":{"line":46,"column":2},"end":{"line":46,"column":38}},"type":"if","locations":[{"start":{"line":46,"column":2},"end":{"line":46,"column":38}}]},"6":{"loc":{"start":{"line":48,"column":2},"end":{"line":48,"column":43}},"type":"if","locations":[{"start":{"line":48,"column":2},"end":{"line":48,"column":43}}]},"7":{"loc":{"start":{"line":57,"column":4},"end":{"line":77,"column":5}},"type":"if","locations":[{"start":{"line":57,"column":4},"end":{"line":77,"column":5}}]},"8":{"loc":{"start":{"line":62,"column":6},"end":{"line":73,"column":7}},"type":"if","locations":[{"start":{"line":62,"column":6},"end":{"line":73,"column":7}},{"start":{"line":66,"column":13},"end":{"line":73,"column":7}}]},"9":{"loc":{"start":{"line":68,"column":8},"end":{"line":72,"column":9}},"type":"if","locations":[{"start":{"line":68,"column":8},"end":{"line":72,"column":9}}]},"10":{"loc":{"start":{"line":80,"column":4},"end":{"line":99,"column":5}},"type":"if","locations":[{"start":{"line":80,"column":4},"end":{"line":99,"column":5}}]},"11":{"loc":{"start":{"line":84,"column":6},"end":{"line":95,"column":7}},"type":"if","locations":[{"start":{"line":84,"column":6},"end":{"line":95,"column":7}},{"start":{"line":88,"column":13},"end":{"line":95,"column":7}}]},"12":{"loc":{"start":{"line":90,"column":8},"end":{"line":94,"column":9}},"type":"if","locations":[{"start":{"line":90,"column":8},"end":{"line":94,"column":9}}]},"13":{"loc":{"start":{"line":103,"column":4},"end":{"line":111,"column":5}},"type":"if","locations":[{"start":{"line":103,"column":4},"end":{"line":111,"column":5}},{"start":{"line":107,"column":11},"end":{"line":111,"column":5}}]},"14":{"loc":{"start":{"line":116,"column":2},"end":{"line":122,"column":3}},"type":"if","locations":[{"start":{"line":116,"column":2},"end":{"line":122,"column":3}},{"start":{"line":118,"column":9},"end":{"line":122,"column":3}}]},"15":{"loc":{"start":{"line":116,"column":6},"end":{"line":116,"column":34}},"type":"binary-expr","locations":[{"start":{"line":116,"column":6},"end":{"line":116,"column":19}},{"start":{"line":116,"column":23},"end":{"line":116,"column":34}}]},"16":{"loc":{"start":{"line":118,"column":9},"end":{"line":122,"column":3}},"type":"if","locations":[{"start":{"line":118,"column":9},"end":{"line":122,"column":3}},{"start":{"line":120,"column":9},"end":{"line":122,"column":3}}]},"17":{"loc":{"start":{"line":120,"column":9},"end":{"line":122,"column":3}},"type":"if","locations":[{"start":{"line":120,"column":9},"end":{"line":122,"column":3}}]},"18":{"loc":{"start":{"line":136,"column":4},"end":{"line":166,"column":5}},"type":"if","locations":[{"start":{"line":136,"column":4},"end":{"line":166,"column":5}},{"start":{"line":138,"column":11},"end":{"line":166,"column":5}}]},"19":{"loc":{"start":{"line":138,"column":11},"end":{"line":166,"column":5}},"type":"if","locations":[{"start":{"line":138,"column":11},"end":{"line":166,"column":5}},{"start":{"line":152,"column":11},"end":{"line":166,"column":5}}]},"20":{"loc":{"start":{"line":139,"column":19},"end":{"line":139,"column":47}},"type":"binary-expr","locations":[{"start":{"line":139,"column":19},"end":{"line":139,"column":35}},{"start":{"line":139,"column":39},"end":{"line":139,"column":47}}]},"21":{"loc":{"start":{"line":140,"column":6},"end":{"line":151,"column":7}},"type":"if","locations":[{"start":{"line":140,"column":6},"end":{"line":151,"column":7}},{"start":{"line":149,"column":13},"end":{"line":151,"column":7}}]},"22":{"loc":{"start":{"line":141,"column":8},"end":{"line":148,"column":9}},"type":"if","locations":[{"start":{"line":141,"column":8},"end":{"line":148,"column":9}},{"start":{"line":143,"column":15},"end":{"line":148,"column":9}}]},"23":{"loc":{"start":{"line":146,"column":21},"end":{"line":146,"column":68}},"type":"cond-expr","locations":[{"start":{"line":146,"column":36},"end":{"line":146,"column":45}},{"start":{"line":146,"column":48},"end":{"line":146,"column":68}}]},"24":{"loc":{"start":{"line":152,"column":11},"end":{"line":166,"column":5}},"type":"if","locations":[{"start":{"line":152,"column":11},"end":{"line":166,"column":5}}]},"25":{"loc":{"start":{"line":154,"column":6},"end":{"line":165,"column":7}},"type":"if","locations":[{"start":{"line":154,"column":6},"end":{"line":165,"column":7}},{"start":{"line":163,"column":13},"end":{"line":165,"column":7}}]},"26":{"loc":{"start":{"line":155,"column":8},"end":{"line":162,"column":9}},"type":"if","locations":[{"start":{"line":155,"column":8},"end":{"line":162,"column":9}},{"start":{"line":157,"column":15},"end":{"line":162,"column":9}}]},"27":{"loc":{"start":{"line":160,"column":21},"end":{"line":160,"column":68}},"type":"cond-expr","locations":[{"start":{"line":160,"column":36},"end":{"line":160,"column":45}},{"start":{"line":160,"column":48},"end":{"line":160,"column":68}}]}},"s":{"0":1,"1":1,"2":1,"3":2,"4":2,"5":2,"6":2,"7":2,"8":2,"9":0,"10":0,"11":2,"12":2,"13":2,"14":2,"15":1,"16":1,"17":1,"18":1,"19":15,"20":0,"21":1,"22":1,"23":1,"24":1,"25":1,"26":1,"27":1,"28":1,"29":1,"30":1,"31":1,"32":3,"33":2,"34":2,"35":2,"36":1,"37":1,"38":1,"39":1,"40":1,"41":0,"42":0,"43":0,"44":2,"45":2,"46":1,"47":0,"48":0,"49":0,"50":0,"51":0,"52":0,"53":0,"54":0,"55":0,"56":0,"57":0,"58":0,"59":1,"60":1,"61":1,"62":1,"63":1,"64":0,"65":0,"66":0,"67":1,"68":1,"69":1,"70":0,"71":0,"72":0,"73":0,"74":1,"75":1,"76":3,"77":1,"78":2,"79":2,"80":2,"81":1,"82":1,"83":0,"84":0,"85":0,"86":0,"87":1,"88":0,"89":0,"90":0,"91":0,"92":0,"93":0,"94":0,"95":0,"96":0,"97":0,"98":1},"f":{"0":2},"b":{"0":[0,2],"1":[0,0],"2":[1],"3":[1,0],"4":[0],"5":[1],"6":[1],"7":[2],"8":[1,1],"9":[0],"10":[0],"11":[0,0],"12":[0],"13":[1,0],"14":[1,0],"15":[1,1],"16":[0,0],"17":[0],"18":[1,2],"19":[2,0],"20":[2,0],"21":[1,1],"22":[1,0],"23":[0,0],"24":[0],"25":[0,0],"26":[0,0],"27":[0,0]}}
}
