{"/home/runner/work/regex-simplifier/regex-simplifier/src/build.ts": {"path":"/home/runner/work/regex-simplifier/regex-simplifier/src/build.ts","statementMap":{"0":{"start":{"line":1,"column":0},"end":{"line":1,"column":45}},"1":{"start":{"line":3,"column":21},"end":{"line":9,"column":1}},"2":{"start":{"line":4,"column":14},"end":{"line":4,"column":32}},"3":{"start":{"line":5,"column":2},"end":{"line":7,"column":3}},"4":{"start":{"line":6,"column":4},"end":{"line":6,"column":55}},"5":{"start":{"line":8,"column":2},"end":{"line":8,"column":30}},"6":{"start":{"line":3,"column":13},"end":{"line":3,"column":21}}},"fnMap":{"0":{"name":"(anonymous_0)","decl":{"start":{"line":3,"column":21},"end":{"line":3,"column":22}},"loc":{"start":{"line":3,"column":46},"end":{"line":9,"column":1}}}},"branchMap":{"0":{"loc":{"start":{"line":5,"column":2},"end":{"line":7,"column":3}},"type":"if","locations":[{"start":{"line":5,"column":2},"end":{"line":7,"column":3}}]}},"s":{"0":1,"1":1,"2":4,"3":4,"4":1,"5":3,"6":1},"f":{"0":4},"b":{"0":[1]}}
,"/home/runner/work/regex-simplifier/regex-simplifier/src/explain.ts": {"path":"/home/runner/work/regex-simplifier/regex-simplifier/src/explain.ts","statementMap":{"0":{"start":{"line":1,"column":23},"end":{"line":25,"column":1}},"1":{"start":{"line":2,"column":16},"end":{"line":2,"column":75}},"2":{"start":{"line":3,"column":21},"end":{"line":3,"column":26}},"3":{"start":{"line":5,"column":43},"end":{"line":16,"column":4}},"4":{"start":{"line":18,"column":16},"end":{"line":20,"column":41}},"5":{"start":{"line":19,"column":30},"end":{"line":19,"column":53}},"6":{"start":{"line":20,"column":26},"end":{"line":20,"column":40}},"7":{"start":{"line":22,"column":2},"end":{"line":24,"column":32}},"8":{"start":{"line":1,"column":13},"end":{"line":1,"column":23}}},"fnMap":{"0":{"name":"(anonymous_0)","decl":{"start":{"line":1,"column":23},"end":{"line":1,"column":24}},"loc":{"start":{"line":1,"column":60},"end":{"line":25,"column":1}}},"1":{"name":"(anonymous_1)","decl":{"start":{"line":19,"column":12},"end":{"line":19,"column":13}},"loc":{"start":{"line":19,"column":30},"end":{"line":19,"column":53}}},"2":{"name":"(anonymous_2)","decl":{"start":{"line":20,"column":9},"end":{"line":20,"column":10}},"loc":{"start":{"line":20,"column":26},"end":{"line":20,"column":40}}}},"branchMap":{"0":{"loc":{"start":{"line":2,"column":16},"end":{"line":2,"column":75}},"type":"cond-expr","locations":[{"start":{"line":2,"column":46},"end":{"line":2,"column":65}},{"start":{"line":2,"column":68},"end":{"line":2,"column":75}}]},"1":{"loc":{"start":{"line":22,"column":9},"end":{"line":24,"column":31}},"type":"cond-expr","locations":[{"start":{"line":23,"column":6},"end":{"line":23,"column":51}},{"start":{"line":24,"column":6},"end":{"line":24,"column":31}}]}},"s":{"0":1,"1":2,"2":2,"3":2,"4":2,"5":20,"6":9,"7":2,"8":1},"f":{"0":2,"1":20,"2":9},"b":{"0":[0,2],"1":[2,0]}}
,"/home/runner/work/regex-simplifier/regex-simplifier/src/index.ts": {"path":"/home/runner/work/regex-simplifier/regex-simplifier/src/index.ts","statementMap":{"0":{"start":{"line":1,"column":0},"end":{"line":1,"column":9}},"1":{"start":{"line":5,"column":9},"end":{"line":1,"column":32}},"2":{"start":{"line":2,"column":0},"end":{"line":2,"column":9}},"3":{"start":{"line":5,"column":16},"end":{"line":2,"column":36}},"4":{"start":{"line":3,"column":0},"end":{"line":3,"column":9}},"5":{"start":{"line":5,"column":25},"end":{"line":3,"column":30}},"6":{"start":{"line":7,"column":0},"end":{"line":11,"column":2}}},"fnMap":{"0":{"name":"(anonymous_0)","decl":{"start":{"line":5,"column":9},"end":{"line":5,"column":14}},"loc":{"start":{"line":5,"column":9},"end":{"line":1,"column":32}}},"1":{"name":"(anonymous_1)","decl":{"start":{"line":5,"column":16},"end":{"line":5,"column":23}},"loc":{"start":{"line":5,"column":16},"end":{"line":2,"column":36}}},"2":{"name":"(anonymous_2)","decl":{"start":{"line":5,"column":25},"end":{"line":5,"column":29}},"loc":{"start":{"line":5,"column":25},"end":{"line":3,"column":30}}}},"branchMap":{},"s":{"0":1,"1":3,"2":1,"3":3,"4":1,"5":4,"6":1},"f":{"0":2,"1":2,"2":3},"b":{}}
,"/home/runner/work/regex-simplifier/regex-simplifier/src/patterns.ts": {"path":"/home/runner/work/regex-simplifier/regex-simplifier/src/patterns.ts","statementMap":{"0":{"start":{"line":1,"column":13},"end":{"line":6,"column":2}}},"fnMap":{},"branchMap":{},"s":{"0":1},"f":{},"b":{}}
,"/home/runner/work/regex-simplifier/regex-simplifier/src/test.ts": {"path":"/home/runner/work/regex-simplifier/regex-simplifier/src/test.ts","statementMap":{"0":{"start":{"line":1,"column":0},"end":{"line":1,"column":32}},"1":{"start":{"line":3,"column":20},"end":{"line":6,"column":1}},"2":{"start":{"line":4,"column":16},"end":{"line":4,"column":70}},"3":{"start":{"line":5,"column":2},"end":{"line":5,"column":27}},"4":{"start":{"line":3,"column":13},"end":{"line":3,"column":20}}},"fnMap":{"0":{"name":"(anonymous_0)","decl":{"start":{"line":3,"column":20},"end":{"line":3,"column":21}},"loc":{"start":{"line":3,"column":73},"end":{"line":6,"column":1}}}},"branchMap":{"0":{"loc":{"start":{"line":4,"column":16},"end":{"line":4,"column":70}},"type":"cond-expr","locations":[{"start":{"line":4,"column":46},"end":{"line":4,"column":60}},{"start":{"line":4,"column":63},"end":{"line":4,"column":70}}]}},"s":{"0":1,"1":1,"2":3,"3":3,"4":1},"f":{"0":3},"b":{"0":[2,1]}}
}
