TN:
SF:src/build.ts
FN:3,(anonymous_0)
FN:5,(anonymous_1)
FNF:2
FNH:2
FNDA:68,(anonymous_0)
FNDA:509,(anonymous_1)
DA:1,1
DA:3,1
DA:4,68
DA:5,509
DA:6,68
DA:7,67
LF:6
LH:6
BRDA:6,0,0,1
BRF:1
BRH:1
end_of_record
TN:
SF:src/explain.ts
FN:3,explain
FNF:1
FNH:1
FNDA:2,explain
DA:1,1
DA:3,1
DA:4,2
LF:3
LH:3
BRF:0
BRH:0
end_of_record
TN:
SF:src/index.ts
FN:5,(anonymous_0)
FN:5,(anonymous_1)
FN:5,(anonymous_2)
FNF:3
FNH:3
FNDA:2,(anonymous_0)
FNDA:2,(anonymous_1)
FNDA:67,(anonymous_2)
DA:1,1
DA:2,1
DA:3,1
DA:5,68
DA:7,1
LF:5
LH:5
BRF:0
BRH:0
end_of_record
TN:
SF:src/test.ts
FN:3,test
FNF:1
FNH:1
FNDA:67,test
DA:1,1
DA:3,1
DA:4,67
DA:5,67
LF:4
LH:4
BRDA:4,0,0,66
BRDA:4,0,1,1
BRF:2
BRH:2
end_of_record
TN:
SF:src/helpers/patterns.ts
FNF:0
FNH:0
DA:8,1
DA:27,1
DA:28,1
DA:34,1
LF:4
LH:4
BRF:0
BRH:0
end_of_record
TN:
SF:src/helpers/quantifierToText.ts
FN:1,(anonymous_0)
FNF:1
FNH:1
FNDA:1,(anonymous_0)
DA:1,1
DA:7,1
DA:8,1
DA:10,1
DA:11,0
DA:12,0
DA:14,0
DA:15,0
DA:16,0
DA:18,0
DA:19,0
DA:21,0
DA:22,0
DA:25,0
LF:14
LH:4
BRDA:7,0,0,1
BRDA:7,0,1,0
BRDA:10,1,0,1
BRDA:11,2,0,0
BRDA:12,3,0,0
BRDA:14,4,0,0
BRDA:14,5,0,0
BRDA:14,5,1,0
BRDA:14,5,2,0
BRDA:15,6,0,0
BRDA:15,6,1,0
BRDA:18,7,0,0
BRDA:18,8,0,0
BRDA:18,8,1,0
BRDA:18,8,2,0
BRDA:21,9,0,0
BRDA:21,10,0,0
BRDA:21,10,1,0
BRF:18
BRH:2
end_of_record
TN:
SF:src/helpers/walkRegexAST.ts
FN:7,walkRegexAST
FNF:1
FNH:1
FNDA:2,walkRegexAST
DA:1,1
DA:2,1
DA:7,1
DA:9,2
DA:10,2
DA:11,2
DA:12,2
DA:13,2
DA:17,2
DA:18,0
DA:19,0
DA:21,2
DA:24,2
DA:27,2
DA:28,2
DA:29,1
DA:30,1
DA:31,1
DA:35,1
DA:36,15
DA:37,0
DA:42,1
DA:45,1
DA:46,1
DA:47,1
DA:48,1
DA:51,1
DA:52,1
DA:53,1
DA:55,1
DA:57,3
DA:58,2
DA:59,2
DA:62,2
DA:63,1
DA:64,1
DA:65,1
DA:67,1
DA:68,1
DA:69,0
DA:70,0
DA:71,0
DA:75,2
DA:76,2
DA:80,1
DA:81,0
DA:84,0
DA:85,0
DA:86,0
DA:87,0
DA:89,0
DA:90,0
DA:91,0
DA:92,0
DA:93,0
DA:97,0
DA:98,0
DA:102,1
DA:103,1
DA:104,1
DA:105,1
DA:106,1
DA:108,0
DA:109,0
DA:110,0
DA:115,1
DA:116,1
DA:117,1
DA:118,0
DA:119,0
DA:120,0
DA:121,0
DA:124,1
DA:135,1
DA:136,3
DA:137,1
DA:138,2
DA:139,2
DA:140,2
DA:141,1
DA:142,1
DA:144,0
DA:145,0
DA:146,0
DA:147,0
DA:150,1
DA:152,0
DA:153,0
DA:154,0
DA:155,0
DA:156,0
DA:158,0
DA:159,0
DA:160,0
DA:161,0
DA:164,0
DA:169,1
LF:97
LH:58
BRDA:17,0,0,0
BRDA:17,0,1,2
BRDA:19,1,0,0
BRDA:19,1,1,0
BRDA:28,2,0,1
BRDA:30,3,0,1
BRDA:30,3,1,0
BRDA:36,4,0,0
BRDA:46,5,0,1
BRDA:48,6,0,1
BRDA:57,7,0,2
BRDA:62,8,0,1
BRDA:62,8,1,1
BRDA:68,9,0,0
BRDA:80,10,0,0
BRDA:84,11,0,0
BRDA:84,11,1,0
BRDA:90,12,0,0
BRDA:103,13,0,1
BRDA:103,13,1,0
BRDA:116,14,0,1
BRDA:116,14,1,0
BRDA:116,15,0,1
BRDA:116,15,1,1
BRDA:118,16,0,0
BRDA:118,16,1,0
BRDA:120,17,0,0
BRDA:136,18,0,1
BRDA:136,18,1,2
BRDA:138,19,0,2
BRDA:138,19,1,0
BRDA:139,20,0,2
BRDA:139,20,1,0
BRDA:140,21,0,1
BRDA:140,21,1,1
BRDA:141,22,0,1
BRDA:141,22,1,0
BRDA:146,23,0,0
BRDA:146,23,1,0
BRDA:152,24,0,0
BRDA:154,25,0,0
BRDA:154,25,1,0
BRDA:155,26,0,0
BRDA:155,26,1,0
BRDA:160,27,0,0
BRDA:160,27,1,0
BRF:46
BRH:19
end_of_record
